2017-02-23 22:37:03 INFO  AndroidUtil:116 - Adding the following iOS simulator to device matrix --682DCDE8-E994-4098-98C5-A411A3D20ECA
2017-02-23 22:37:03 INFO  AndroidUtil:116 - Adding the following iOS simulator to device matrix --7B906BD5-6331-48ED-B593-5D27F46FCF90
2017-02-23 22:37:03 INFO  AndroidUtil:116 - Adding the following iOS simulator to device matrix --1BBD1612-8E25-4BC8-9A9F-DD711417FEA6
2017-02-23 22:37:03 INFO  AndroidUtil:116 - Adding the following iOS simulator to device matrix --1C66C35B-021D-480C-8810-9D584DAB043C
2017-02-23 22:37:05 INFO  AndroidUtil:116 - Adding the following iOS simulator to device matrix --682DCDE8-E994-4098-98C5-A411A3D20ECA
2017-02-23 22:37:05 INFO  AndroidUtil:116 - Adding the following iOS simulator to device matrix --7B906BD5-6331-48ED-B593-5D27F46FCF90
2017-02-23 22:37:05 INFO  AndroidUtil:116 - Adding the following iOS simulator to device matrix --1BBD1612-8E25-4BC8-9A9F-DD711417FEA6
2017-02-23 22:37:05 INFO  AndroidUtil:116 - Adding the following iOS simulator to device matrix --1C66C35B-021D-480C-8810-9D584DAB043C
2017-02-23 22:37:06 INFO  AndroidUtil:116 - Adding the following iOS simulator to device matrix --682DCDE8-E994-4098-98C5-A411A3D20ECA
2017-02-23 22:37:06 INFO  AndroidUtil:116 - Adding the following iOS simulator to device matrix --7B906BD5-6331-48ED-B593-5D27F46FCF90
2017-02-23 22:37:06 INFO  AndroidUtil:116 - Adding the following iOS simulator to device matrix --1BBD1612-8E25-4BC8-9A9F-DD711417FEA6
2017-02-23 22:37:06 INFO  AndroidUtil:116 - Adding the following iOS simulator to device matrix --1C66C35B-021D-480C-8810-9D584DAB043C
2017-02-23 22:37:17 INFO  AndroidUtil:116 - Adding the following iOS simulator to device matrix --682DCDE8-E994-4098-98C5-A411A3D20ECA
2017-02-23 22:37:17 INFO  AndroidUtil:116 - Adding the following iOS simulator to device matrix --7B906BD5-6331-48ED-B593-5D27F46FCF90
2017-02-23 22:37:17 INFO  AndroidUtil:116 - Adding the following iOS simulator to device matrix --1BBD1612-8E25-4BC8-9A9F-DD711417FEA6
2017-02-23 22:37:17 INFO  AndroidUtil:116 - Adding the following iOS simulator to device matrix --1C66C35B-021D-480C-8810-9D584DAB043C
2017-03-06 13:29:07 INFO  AndroidUtil:116 - Adding the following iOS simulator to device matrix --1BCAFF89-09CD-43B4-AFD2-996A8300A587
2017-03-06 13:29:07 INFO  AndroidUtil:116 - Adding the following iOS simulator to device matrix --39C04F66-4586-462D-AEC4-45F987E033D6
2017-03-06 13:29:07 INFO  AndroidUtil:116 - Adding the following iOS simulator to device matrix --12B06864-77E5-4565-99F6-BEEBCA726F8C
2017-03-06 13:29:07 INFO  AndroidUtil:116 - Adding the following iOS simulator to device matrix --E75A24BF-ECE7-4EF8-B862-FEA1DB6B302F
2017-03-06 13:29:07 INFO  AndroidUtil:116 - Adding the following iOS simulator to device matrix --02BA1EBB-DC05-4DB9-838F-150B601C8041
2017-03-06 13:29:07 INFO  AndroidUtil:116 - Adding the following iOS simulator to device matrix --B44A35FF-760C-42F7-B6A1-BB036C5EB6A8
2017-03-06 13:29:07 INFO  AndroidUtil:116 - Adding the following iOS simulator to device matrix --FC664168-99D3-4260-936F-CA8BFBEB8DBC
2017-03-06 13:29:07 INFO  AndroidUtil:116 - Adding the following iOS simulator to device matrix --5840577B-FF24-42DC-BC20-6AF54C123925
2017-03-06 13:29:07 INFO  AndroidUtil:116 - Adding the following iOS simulator to device matrix --B4B2B180-2213-4603-953A-168F5180E528
2017-03-06 13:30:32 INFO  AndroidUtil:116 - Adding the following iOS simulator to device matrix --1BCAFF89-09CD-43B4-AFD2-996A8300A587
2017-03-06 13:30:32 INFO  AndroidUtil:116 - Adding the following iOS simulator to device matrix --39C04F66-4586-462D-AEC4-45F987E033D6
2017-03-06 13:30:32 INFO  AndroidUtil:116 - Adding the following iOS simulator to device matrix --12B06864-77E5-4565-99F6-BEEBCA726F8C
2017-03-06 13:30:32 INFO  AndroidUtil:116 - Adding the following iOS simulator to device matrix --E75A24BF-ECE7-4EF8-B862-FEA1DB6B302F
2017-03-06 13:30:32 INFO  AndroidUtil:116 - Adding the following iOS simulator to device matrix --02BA1EBB-DC05-4DB9-838F-150B601C8041
2017-03-06 13:30:32 INFO  AndroidUtil:116 - Adding the following iOS simulator to device matrix --B44A35FF-760C-42F7-B6A1-BB036C5EB6A8
2017-03-06 13:30:32 INFO  AndroidUtil:116 - Adding the following iOS simulator to device matrix --FC664168-99D3-4260-936F-CA8BFBEB8DBC
2017-03-06 13:30:32 INFO  AndroidUtil:116 - Adding the following iOS simulator to device matrix --5840577B-FF24-42DC-BC20-6AF54C123925
2017-03-06 13:30:32 INFO  AndroidUtil:116 - Adding the following iOS simulator to device matrix --B4B2B180-2213-4603-953A-168F5180E528
2017-04-24 13:23:29 INFO  AndroidUtil:114 - Adding the following iOS simulator to device matrix --EDC6EEC7-B040-48D1-9A41-1E0C0B505EEB
2017-04-24 13:23:29 INFO  AndroidUtil:114 - Adding the following iOS simulator to device matrix --D1600087-AC93-43E1-8B7E-06807C1764D2
2017-04-24 13:23:29 INFO  AndroidUtil:114 - Adding the following iOS simulator to device matrix --D213ABED-D0F0-4A69-8263-8C28AF9EE963
2017-04-24 13:23:29 INFO  AndroidUtil:114 - Adding the following iOS simulator to device matrix --54509094-5995-4F6B-A242-82555F2E2C58
2017-04-24 13:23:29 INFO  AndroidUtil:114 - Adding the following iOS simulator to device matrix --178910C9-EB6B-44B1-98DC-0FD820574BB1
2017-04-24 13:23:29 INFO  AndroidUtil:114 - Adding the following iOS simulator to device matrix --25E39061-D3D9-4B24-B9AD-E3805E4144B1
2017-04-24 13:23:29 INFO  AndroidUtil:114 - Adding the following iOS simulator to device matrix --BF6689A6-1822-4015-9BBE-D7E4FB4C3440
2017-04-24 13:23:29 INFO  AndroidUtil:114 - Adding the following iOS simulator to device matrix --74D3F31A-E29B-4FF4-BD38-9EF0B1DDA7BB
2017-04-24 13:23:29 INFO  AndroidUtil:114 - Adding the following iOS simulator to device matrix --5B10B83E-D09F-4306-BBCA-D8C88F0166E5
